<?xml version="1.0" encoding="UTF-8"?>
<testng-results total="1" passed="1" failed="0" skipped="0">
  <reporter-output>
  </reporter-output>
  <suite started-at="2026-05-12T15:53:50Z" name="Surefire suite" finished-at="2026-05-12T15:54:07Z" duration-ms="17372">
    <groups>
    </groups>
    <test started-at="2026-05-12T15:53:50Z" name="Surefire test" finished-at="2026-05-12T15:54:07Z" duration-ms="17372">
      <class name="BuscarGoogleTest">
        <test-method is-config="true" signature="setDriver()[pri:0, instance:BuscarGoogleTest@49e202ad]" started-at="2026-05-12T11:53:50Z" name="setDriver" finished-at="2026-05-12T11:54:00Z" duration-ms="10820" status="PASS">
          <reporter-output>
          </reporter-output>
        </test-method> <!-- setDriver -->
        <test-method signature="paginaPrincipalGoogle()[pri:0, instance:BuscarGoogleTest@49e202ad]" started-at="2026-05-12T11:54:00Z" name="paginaPrincipalGoogle" finished-at="2026-05-12T11:54:07Z" duration-ms="6253" status="PASS">
          <reporter-output>
          </reporter-output>
        </test-method> <!-- paginaPrincipalGoogle -->
        <test-method is-config="true" signature="closeDriver()[pri:0, instance:BuscarGoogleTest@49e202ad]" started-at="2026-05-12T11:54:07Z" name="closeDriver" finished-at="2026-05-12T11:54:07Z" duration-ms="292" status="PASS">
          <reporter-output>
          </reporter-output>
        </test-method> <!-- closeDriver -->
      </class> <!-- BuscarGoogleTest -->
    </test> <!-- Surefire test -->
  </suite> <!-- Surefire suite -->
</testng-results>
